Determining if the pthread_create exist failed with the following output:
Change Dir: /home/fshs/catkin_ws/src/gobang_motion/build/CMakeFiles/CMakeTmp

Run Build Command:"/usr/bin/make" "cmTC_2e1cc/fast"
/usr/bin/make -f CMakeFiles/cmTC_2e1cc.dir/build.make CMakeFiles/cmTC_2e1cc.dir/build
make[1]: Entering directory '/home/fshs/catkin_ws/src/gobang_motion/build/CMakeFiles/CMakeTmp'
Building C object CMakeFiles/cmTC_2e1cc.dir/CheckSymbolExists.c.o
/usr/bin/gcc-5     -o CMakeFiles/cmTC_2e1cc.dir/CheckSymbolExists.c.o   -c /home/fshs/catkin_ws/src/gobang_motion/build/CMakeFiles/CMakeTmp/CheckSymbolExists.c
Linking C executable cmTC_2e1cc
/usr/bin/cmake -E cmake_link_script CMakeFiles/cmTC_2e1cc.dir/link.txt --verbose=1
/usr/bin/gcc-5       CMakeFiles/cmTC_2e1cc.dir/CheckSymbolExists.c.o  -o cmTC_2e1cc -rdynamic 
CMakeFiles/cmTC_2e1cc.dir/CheckSymbolExists.c.o：在函数‘main’中：
CheckSymbolExists.c:(.text+0x16)：对‘pthread_create’未定义的引用
collect2: error: ld returned 1 exit status
CMakeFiles/cmTC_2e1cc.dir/build.make:97: recipe for target 'cmTC_2e1cc' failed
make[1]: *** [cmTC_2e1cc] Error 1
make[1]: Leaving directory '/home/fshs/catkin_ws/src/gobang_motion/build/CMakeFiles/CMakeTmp'
Makefile:126: recipe for target 'cmTC_2e1cc/fast' failed
make: *** [cmTC_2e1cc/fast] Error 2

File /home/fshs/catkin_ws/src/gobang_motion/build/CMakeFiles/CMakeTmp/CheckSymbolExists.c:
/* */
#include <pthread.h>

int main(int argc, char** argv)
{
  (void)argv;
#ifndef pthread_create
  return ((int*)(&pthread_create))[argc];
#else
  (void)argc;
  return 0;
#endif
}

Determining if the function pthread_create exists in the pthreads failed with the following output:
Change Dir: /home/fshs/catkin_ws/src/gobang_motion/build/CMakeFiles/CMakeTmp

Run Build Command:"/usr/bin/make" "cmTC_c4c3a/fast"
/usr/bin/make -f CMakeFiles/cmTC_c4c3a.dir/build.make CMakeFiles/cmTC_c4c3a.dir/build
make[1]: Entering directory '/home/fshs/catkin_ws/src/gobang_motion/build/CMakeFiles/CMakeTmp'
Building C object CMakeFiles/cmTC_c4c3a.dir/CheckFunctionExists.c.o
/usr/bin/gcc-5    -DCHECK_FUNCTION_EXISTS=pthread_create   -o CMakeFiles/cmTC_c4c3a.dir/CheckFunctionExists.c.o   -c /usr/share/cmake-3.5/Modules/CheckFunctionExists.c
Linking C executable cmTC_c4c3a
/usr/bin/cmake -E cmake_link_script CMakeFiles/cmTC_c4c3a.dir/link.txt --verbose=1
/usr/bin/gcc-5   -DCHECK_FUNCTION_EXISTS=pthread_create    CMakeFiles/cmTC_c4c3a.dir/CheckFunctionExists.c.o  -o cmTC_c4c3a -rdynamic -lpthreads 
/usr/bin/ld: 找不到 -lpthreads
collect2: error: ld returned 1 exit status
CMakeFiles/cmTC_c4c3a.dir/build.make:97: recipe for target 'cmTC_c4c3a' failed
make[1]: *** [cmTC_c4c3a] Error 1
make[1]: Leaving directory '/home/fshs/catkin_ws/src/gobang_motion/build/CMakeFiles/CMakeTmp'
Makefile:126: recipe for target 'cmTC_c4c3a/fast' failed
make: *** [cmTC_c4c3a/fast] Error 2


